[2013-05-06 02:43:48] TestEventsTest::testFailIsFired.ALERT: Failed asserting that an array contains 'test.fail'. [] []
[2013-05-06 02:43:48] TestEventsTest::testFailIsFired.INFO: # FAILED # [] []
[2013-05-06 02:43:48] TestEventsTest::testFailIsFired.INFO: PASSED [] []
[2013-05-06 02:44:06] TestEventsTest::testFailIsFired.ALERT: Failed asserting that an array contains 'test.fail'. [] []
[2013-05-06 02:44:06] TestEventsTest::testFailIsFired.INFO: # FAILED # [] []
[2013-05-06 02:44:06] TestEventsTest::testFailIsFired.INFO: PASSED [] []
[2013-05-06 02:50:00] TestEventsTest::testFailIsFired.ALERT: Failed asserting that an array contains 'test.fail'. [] []
[2013-05-06 02:50:00] TestEventsTest::testFailIsFired.INFO: # FAILED # [] []
[2013-05-06 02:50:00] TestEventsTest::testFailIsFired.INFO: PASSED [] []
[2013-05-06 02:52:05] TestEventsTest::testFailIsFired.ALERT: Argument 1 passed to PHPUnit_Framework_TestSuite::createTest() must be an instance of ReflectionClass, instance of TestEventsTest given, called in /home/davert/Codeception/tests/unit/TestEventsTest.php on line 20 and defined [] []
[2013-05-06 02:52:05] TestEventsTest::testFailIsFired.INFO: # ERROR # [] []
[2013-05-06 02:52:05] TestEventsTest::testFailIsFired.INFO: PASSED [] []
[2013-05-06 02:59:59] TestEventsTest::testFailIsFired.ALERT: preg_match() expects parameter 2 to be string, object given [] []
[2013-05-06 02:59:59] TestEventsTest::testFailIsFired.INFO: # ERROR # [] []
[2013-05-06 02:59:59] TestEventsTest::testFailIsFired.INFO: PASSED [] []
[2013-05-06 03:01:52] mocked test.ALERT: ob_end_clean(): failed to delete buffer. No buffer to delete [] []
[2013-05-06 03:01:52] mocked test.INFO: # ERROR # [] []
[2013-05-06 03:01:52] mocked test.INFO: PASSED [] []
[2013-05-06 03:02:53] mocked test.ALERT: ob_end_clean(): failed to delete buffer. No buffer to delete [] []
[2013-05-06 03:02:53] mocked test.INFO: # ERROR # [] []
[2013-05-06 03:02:53] mocked test.INFO: PASSED [] []
[2013-05-06 03:08:42] Codeception\Command\GenerateCestCest::execute.INFO: PASSED [] []
[2013-05-06 03:08:42] Codeception\Command\GenerateCestCest::execute.INFO: test method "\Codeception\Module\WebDebug.makeAScreenshot" [] []
[2013-05-06 03:08:42] WebDebugCest::makeAScreenshot.INFO: have stub "Codeception\Module\Selenium" [] []
[2013-05-06 03:08:42] WebDebugCest::makeAScreenshot.INFO: have fake class "Codeception\Module\WebDebug" [] []
[2013-05-06 03:08:42] WebDebugCest::makeAScreenshot.INFO: execute tested method on "Codeception\Module\WebDebug" [] []
[2013-05-06 03:08:42] WebDebugCest::makeAScreenshot.INFO: see method invoked "Codeception\Module\Selenium","_saveScreenshot" [] []
[2013-05-06 03:08:42] WebDebugCest::makeAScreenshot.INFO: see method not invoked "Codeception\Module\WebDebug","debug" [] []
[2013-05-06 03:08:42] WebDebugCest::makeAScreenshot.INFO: PASSED [] []
[2013-05-06 03:08:42] WebDebugCest::makeAScreenshot.INFO: test method "\Codeception\Module\WebDebug.generateFilename" [] []
[2013-05-06 03:08:42] WebDebugCest::generateFilename.INFO: have fake class "Codeception\Module\WebDebug" [] []
[2013-05-06 03:08:42] WebDebugCest::generateFilename.INFO: execute tested method "Codeception\Module\WebDebug" [] []
[2013-05-06 03:08:42] WebDebugCest::generateFilename.INFO: see result equals "/home/davert/Codeception/tests/log/debug/testtest - 1" [] []
[2013-05-06 03:08:42] WebDebugCest::generateFilename.INFO: execute tested method "Codeception\Module\WebDebug","mytest" [] []
[2013-05-06 03:08:42] WebDebugCest::generateFilename.INFO: see result equals "/home/davert/Codeception/tests/log/debug/testtest - 2 - mytest" [] []
[2013-05-06 03:08:42] WebDebugCest::generateFilename.INFO: PASSED [] []
[2013-05-06 03:08:42] PhpTestCest::phpFuntions.INFO: execute "lambda function" [] []
[2013-05-06 03:08:42] PhpTestCest::phpFuntions.INFO: see result equals "HELLO" [] []
[2013-05-06 03:08:42] PhpTestCest::phpFuntions.INFO: PASSED [] []
[2013-05-06 03:08:42] PhpTestCest::shouldWriteShoulds.INFO: see features equals "write shoulds" [] []
[2013-05-06 03:08:42] PhpTestCest::shouldWriteShoulds.INFO: PASSED [] []
[2013-05-06 03:08:42] PhpTestCest::shouldUseCest.INFO: have fake class "Codeception\Scenario" [] []
[2013-05-06 03:08:42] PhpTestCest::shouldUseCest.INFO: execute method "Codeception\Scenario","comment","cool, that works!" [] []
[2013-05-06 03:08:42] PhpTestCest::shouldUseCest.INFO: see method invoked "Codeception\Scenario","addStep" [] []
[2013-05-06 03:08:42] PhpTestCest::shouldUseCest.INFO: PASSED [] []
[2013-05-06 03:08:42] PhpTestCest::shouldUseCest.INFO: # Skipped # [] []
[2013-05-06 03:08:42] PhpTestCest::shouldUseCest.INFO: PASSED [] []
[2013-05-06 03:08:42] PhpTestCest::shouldUseCest.INFO: PASSED [] []
[2013-05-06 03:08:42] PhpTestCest::shouldUseCest.INFO: PASSED [] []
[2013-05-06 03:08:42] MaybeTest::testMaybe.INFO: PASSED [] []
[2013-05-06 03:08:42] MaybeTest::testMaybe.ALERT: stream_socket_client(): unable to connect to tcp://localhost:5672 (Connection refused) [] []
[2013-05-06 03:08:42] MaybeTest::testMaybe.INFO: # ERROR # [] []
[2013-05-06 03:08:42] MaybeTest::testMaybe.INFO: PASSED [] []
[2013-05-06 03:08:42] MaybeTest::testMaybe.ALERT: (Exception in Db) could not find driver while creating PDO connection [] []
[2013-05-06 03:08:42] MaybeTest::testMaybe.INFO: # ERROR # [] []
[2013-05-06 03:08:42] MaybeTest::testMaybe.INFO: PASSED [] []
[2013-05-06 03:08:42] MaybeTest::testMaybe.ALERT: (Exception in Db) could not find driver while creating PDO connection [] []
[2013-05-06 03:08:42] MaybeTest::testMaybe.INFO: # ERROR # [] []
[2013-05-06 03:08:42] MaybeTest::testMaybe.INFO: PASSED [] []
[2013-05-06 03:08:42] MaybeTest::testMaybe.ALERT: (Exception in Db) could not find driver while creating PDO connection [] []
[2013-05-06 03:08:42] MaybeTest::testMaybe.INFO: # ERROR # [] []
[2013-05-06 03:08:42] MaybeTest::testMaybe.INFO: PASSED [] []
[2013-05-06 03:08:42] MaybeTest::testMaybe.ALERT: (Exception in Db) could not find driver while creating PDO connection [] []
[2013-05-06 03:08:42] MaybeTest::testMaybe.INFO: # ERROR # [] []
[2013-05-06 03:08:42] MaybeTest::testMaybe.INFO: PASSED [] []
[2013-05-06 03:08:42] MaybeTest::testMaybe.INFO: PASSED [] []
[2013-05-06 03:08:42] MaybeTest::testMaybe.INFO: PASSED [] []
[2013-05-06 03:08:42] MaybeTest::testMaybe.INFO: PASSED [] []
[2013-05-06 03:08:42] MaybeTest::testMaybe.INFO: PASSED [] []
[2013-05-06 03:08:42] MaybeTest::testMaybe.INFO: PASSED [] []
[2013-05-06 03:08:42] MaybeTest::testMaybe.INFO: PASSED [] []
[2013-05-06 03:08:42] MaybeTest::testMaybe.INFO: PASSED [] []
[2013-05-06 03:08:42] MaybeTest::testMaybe.INFO: PASSED [] []
[2013-05-06 03:08:42] MaybeTest::testMaybe.INFO: PASSED [] []
[2013-05-06 03:08:42] MaybeTest::testMaybe.INFO: PASSED [] []
[2013-05-06 03:08:42] MaybeTest::testMaybe.INFO: PASSED [] []
[2013-05-06 03:08:42] MaybeTest::testMaybe.INFO: PASSED [] []
[2013-05-06 03:08:42] MaybeTest::testMaybe.INFO: PASSED [] []
[2013-05-06 03:08:42] MaybeTest::testMaybe.INFO: PASSED [] []
[2013-05-06 03:08:42] MaybeTest::testMaybe.INFO: PASSED [] []
[2013-05-06 03:08:42] MaybeTest::testMaybe.INFO: PASSED [] []
[2013-05-06 03:08:42] MaybeTest::testMaybe.INFO: PASSED [] []
[2013-05-06 03:08:42] MaybeTest::testMaybe.INFO: PASSED [] []
[2013-05-06 03:08:42] MaybeTest::testMaybe.INFO: PASSED [] []
[2013-05-06 03:08:42] MaybeTest::testMaybe.INFO: PASSED [] []
[2013-05-06 03:08:42] MaybeTest::testMaybe.INFO: PASSED [] []
[2013-05-06 03:08:42] MaybeTest::testMaybe.INFO: PASSED [] []
[2013-05-06 03:08:43] MaybeTest::testMaybe.INFO: PASSED [] []
[2013-05-06 03:08:43] MaybeTest::testMaybe.INFO: PASSED [] []
[2013-05-06 03:08:43] MaybeTest::testMaybe.INFO: PASSED [] []
[2013-05-06 03:08:43] MaybeTest::testMaybe.INFO: PASSED [] []
[2013-05-06 03:08:43] MaybeTest::testMaybe.INFO: PASSED [] []
[2013-05-06 03:08:43] MaybeTest::testMaybe.INFO: PASSED [] []
[2013-05-06 03:08:43] MaybeTest::testMaybe.INFO: PASSED [] []
[2013-05-06 03:08:43] MaybeTest::testMaybe.INFO: PASSED [] []
[2013-05-06 03:08:43] MaybeTest::testMaybe.INFO: PASSED [] []
[2013-05-06 03:08:43] MaybeTest::testMaybe.INFO: PASSED [] []
[2013-05-06 03:08:43] MaybeTest::testMaybe.INFO: PASSED [] []
[2013-05-06 03:08:43] MaybeTest::testMaybe.INFO: PASSED [] []
[2013-05-06 03:08:43] MaybeTest::testMaybe.INFO: PASSED [] []
[2013-05-06 03:08:43] MaybeTest::testMaybe.INFO: PASSED [] []
[2013-05-06 03:08:43] MaybeTest::testMaybe.INFO: PASSED [] []
[2013-05-06 03:08:43] MaybeTest::testMaybe.INFO: PASSED [] []
[2013-05-06 03:08:43] MaybeTest::testMaybe.INFO: PASSED [] []
[2013-05-06 03:08:43] MaybeTest::testMaybe.INFO: PASSED [] []
[2013-05-06 03:08:43] MaybeTest::testMaybe.INFO: PASSED [] []
[2013-05-06 03:08:43] MaybeTest::testMaybe.INFO: PASSED [] []
[2013-05-06 03:08:43] MaybeTest::testMaybe.INFO: PASSED [] []
[2013-05-06 03:08:43] MaybeTest::testMaybe.INFO: PASSED [] []
[2013-05-06 03:08:43] MaybeTest::testMaybe.INFO: PASSED [] []
[2013-05-06 03:08:43] MaybeTest::testMaybe.INFO: PASSED [] []
[2013-05-06 03:08:43] MaybeTest::testMaybe.INFO: PASSED [] []
[2013-05-06 03:08:43] MaybeTest::testMaybe.INFO: # Skipped # [] []
[2013-05-06 03:08:43] MaybeTest::testMaybe.INFO: PASSED [] []
[2013-05-06 03:08:43] MaybeTest::testMaybe.INFO: # Skipped # [] []
[2013-05-06 03:08:43] MaybeTest::testMaybe.INFO: PASSED [] []
[2013-05-06 03:08:43] MaybeTest::testMaybe.INFO: # Skipped # [] []
[2013-05-06 03:08:43] MaybeTest::testMaybe.INFO: PASSED [] []
[2013-05-06 03:08:43] MaybeTest::testMaybe.INFO: # Skipped # [] []
[2013-05-06 03:08:43] MaybeTest::testMaybe.INFO: PASSED [] []
[2013-05-06 03:08:43] MaybeTest::testMaybe.ALERT: Codeception\Util\Mink module is not configured!
 Provided URL can't be accessed by this driver.[curl] 7: Failed connect to localhost:8000; Connection refused [url] http://localhost:8000/ [] []
[2013-05-06 03:08:43] MaybeTest::testMaybe.INFO: # ERROR # [] []
[2013-05-06 03:08:43] MaybeTest::testMaybe.INFO: PASSED [] []
[2013-05-06 03:08:43] MaybeTest::testMaybe.ALERT: Codeception\Util\Mink module is not configured!
 Provided URL can't be accessed by this driver.[curl] 7: Failed connect to localhost:8000; Connection refused [url] http://localhost:8000/ [] []
[2013-05-06 03:08:43] MaybeTest::testMaybe.INFO: # ERROR # [] []
[2013-05-06 03:08:43] MaybeTest::testMaybe.INFO: PASSED [] []
[2013-05-06 03:08:43] MaybeTest::testMaybe.ALERT: Codeception\Util\Mink module is not configured!
 Provided URL can't be accessed by this driver.[curl] 7: Failed connect to localhost:8000; Connection refused [url] http://localhost:8000/ [] []
[2013-05-06 03:08:43] MaybeTest::testMaybe.INFO: # ERROR # [] []
[2013-05-06 03:08:43] MaybeTest::testMaybe.INFO: PASSED [] []
[2013-05-06 03:08:43] MaybeTest::testMaybe.ALERT: Codeception\Util\Mink module is not configured!
 Provided URL can't be accessed by this driver.[curl] 7: Failed connect to localhost:8000; Connection refused [url] http://localhost:8000/ [] []
[2013-05-06 03:08:43] MaybeTest::testMaybe.INFO: # ERROR # [] []
[2013-05-06 03:08:43] MaybeTest::testMaybe.INFO: PASSED [] []
[2013-05-06 03:08:43] MaybeTest::testMaybe.ALERT: Codeception\Util\Mink module is not configured!
 Provided URL can't be accessed by this driver.[curl] 7: Failed connect to localhost:8000; Connection refused [url] http://localhost:8000/ [] []
[2013-05-06 03:08:43] MaybeTest::testMaybe.INFO: # ERROR # [] []
[2013-05-06 03:08:43] MaybeTest::testMaybe.INFO: PASSED [] []
[2013-05-06 03:08:43] MaybeTest::testMaybe.ALERT: Codeception\Util\Mink module is not configured!
 Provided URL can't be accessed by this driver.[curl] 7: Failed connect to localhost:8000; Connection refused [url] http://localhost:8000/ [] []
[2013-05-06 03:08:43] MaybeTest::testMaybe.INFO: # ERROR # [] []
[2013-05-06 03:08:43] MaybeTest::testMaybe.INFO: PASSED [] []
[2013-05-06 03:08:43] MaybeTest::testMaybe.ALERT: Codeception\Util\Mink module is not configured!
 Provided URL can't be accessed by this driver.[curl] 7: Failed connect to localhost:8000; Connection refused [url] http://localhost:8000/ [] []
[2013-05-06 03:08:43] MaybeTest::testMaybe.INFO: # ERROR # [] []
[2013-05-06 03:08:43] MaybeTest::testMaybe.INFO: PASSED [] []
[2013-05-06 03:08:43] MaybeTest::testMaybe.ALERT: Codeception\Util\Mink module is not configured!
 Provided URL can't be accessed by this driver.[curl] 7: Failed connect to localhost:8000; Connection refused [url] http://localhost:8000/ [] []
[2013-05-06 03:08:43] MaybeTest::testMaybe.INFO: # ERROR # [] []
[2013-05-06 03:08:43] MaybeTest::testMaybe.INFO: PASSED [] []
[2013-05-06 03:08:43] MaybeTest::testMaybe.ALERT: Codeception\Util\Mink module is not configured!
 Provided URL can't be accessed by this driver.[curl] 7: Failed connect to localhost:8000; Connection refused [url] http://localhost:8000/ [] []
[2013-05-06 03:08:43] MaybeTest::testMaybe.INFO: # ERROR # [] []
[2013-05-06 03:08:43] MaybeTest::testMaybe.INFO: PASSED [] []
[2013-05-06 03:08:43] MaybeTest::testMaybe.ALERT: Codeception\Util\Mink module is not configured!
 Provided URL can't be accessed by this driver.[curl] 7: Failed connect to localhost:8000; Connection refused [url] http://localhost:8000/ [] []
[2013-05-06 03:08:43] MaybeTest::testMaybe.INFO: # ERROR # [] []
[2013-05-06 03:08:43] MaybeTest::testMaybe.INFO: PASSED [] []
[2013-05-06 03:08:43] MaybeTest::testMaybe.ALERT: Codeception\Util\Mink module is not configured!
 Provided URL can't be accessed by this driver.[curl] 7: Failed connect to localhost:8000; Connection refused [url] http://localhost:8000/ [] []
[2013-05-06 03:08:43] MaybeTest::testMaybe.INFO: # ERROR # [] []
[2013-05-06 03:08:43] MaybeTest::testMaybe.INFO: PASSED [] []
[2013-05-06 03:08:43] MaybeTest::testMaybe.ALERT: Codeception\Util\Mink module is not configured!
 Provided URL can't be accessed by this driver.[curl] 7: Failed connect to localhost:8000; Connection refused [url] http://localhost:8000/ [] []
[2013-05-06 03:08:43] MaybeTest::testMaybe.INFO: # ERROR # [] []
[2013-05-06 03:08:43] MaybeTest::testMaybe.INFO: PASSED [] []
[2013-05-06 03:08:43] MaybeTest::testMaybe.ALERT: Codeception\Util\Mink module is not configured!
 Provided URL can't be accessed by this driver.[curl] 7: Failed connect to localhost:8000; Connection refused [url] http://localhost:8000/ [] []
[2013-05-06 03:08:43] MaybeTest::testMaybe.INFO: # ERROR # [] []
[2013-05-06 03:08:43] MaybeTest::testMaybe.INFO: PASSED [] []
[2013-05-06 03:08:43] MaybeTest::testMaybe.ALERT: Codeception\Util\Mink module is not configured!
 Provided URL can't be accessed by this driver.[curl] 7: Failed connect to localhost:8000; Connection refused [url] http://localhost:8000/ [] []
[2013-05-06 03:08:43] MaybeTest::testMaybe.INFO: # ERROR # [] []
[2013-05-06 03:08:43] MaybeTest::testMaybe.INFO: PASSED [] []
[2013-05-06 03:08:43] MaybeTest::testMaybe.ALERT: Codeception\Util\Mink module is not configured!
 Provided URL can't be accessed by this driver.[curl] 7: Failed connect to localhost:8000; Connection refused [url] http://localhost:8000/ [] []
[2013-05-06 03:08:43] MaybeTest::testMaybe.INFO: # ERROR # [] []
[2013-05-06 03:08:43] MaybeTest::testMaybe.INFO: PASSED [] []
[2013-05-06 03:08:43] MaybeTest::testMaybe.ALERT: Codeception\Util\Mink module is not configured!
 Provided URL can't be accessed by this driver.[curl] 7: Failed connect to localhost:8000; Connection refused [url] http://localhost:8000/ [] []
[2013-05-06 03:08:43] MaybeTest::testMaybe.INFO: # ERROR # [] []
[2013-05-06 03:08:43] MaybeTest::testMaybe.INFO: PASSED [] []
[2013-05-06 03:08:43] MaybeTest::testMaybe.ALERT: Codeception\Util\Mink module is not configured!
 Provided URL can't be accessed by this driver.[curl] 7: Failed connect to localhost:8000; Connection refused [url] http://localhost:8000/ [] []
[2013-05-06 03:08:43] MaybeTest::testMaybe.INFO: # ERROR # [] []
[2013-05-06 03:08:43] MaybeTest::testMaybe.INFO: PASSED [] []
[2013-05-06 03:08:43] MaybeTest::testMaybe.ALERT: Codeception\Util\Mink module is not configured!
 Provided URL can't be accessed by this driver.[curl] 7: Failed connect to localhost:8000; Connection refused [url] http://localhost:8000/ [] []
[2013-05-06 03:08:43] MaybeTest::testMaybe.INFO: # ERROR # [] []
[2013-05-06 03:08:43] MaybeTest::testMaybe.INFO: PASSED [] []
[2013-05-06 03:08:43] MaybeTest::testMaybe.ALERT: Codeception\Util\Mink module is not configured!
 Provided URL can't be accessed by this driver.[curl] 7: Failed connect to localhost:8000; Connection refused [url] http://localhost:8000/ [] []
[2013-05-06 03:08:43] MaybeTest::testMaybe.INFO: # ERROR # [] []
[2013-05-06 03:08:43] MaybeTest::testMaybe.INFO: PASSED [] []
[2013-05-06 03:08:43] MaybeTest::testMaybe.ALERT: Codeception\Util\Mink module is not configured!
 Provided URL can't be accessed by this driver.[curl] 7: Failed connect to localhost:8000; Connection refused [url] http://localhost:8000/ [] []
[2013-05-06 03:08:43] MaybeTest::testMaybe.INFO: # ERROR # [] []
[2013-05-06 03:08:43] MaybeTest::testMaybe.INFO: PASSED [] []
[2013-05-06 03:08:43] MaybeTest::testMaybe.ALERT: Codeception\Util\Mink module is not configured!
 Provided URL can't be accessed by this driver.[curl] 7: Failed connect to localhost:8000; Connection refused [url] http://localhost:8000/ [] []
[2013-05-06 03:08:43] MaybeTest::testMaybe.INFO: # ERROR # [] []
[2013-05-06 03:08:43] MaybeTest::testMaybe.INFO: PASSED [] []
[2013-05-06 03:08:43] MaybeTest::testMaybe.ALERT: Codeception\Util\Mink module is not configured!
 Provided URL can't be accessed by this driver.[curl] 7: Failed connect to localhost:8000; Connection refused [url] http://localhost:8000/ [] []
[2013-05-06 03:08:43] MaybeTest::testMaybe.INFO: # ERROR # [] []
[2013-05-06 03:08:43] MaybeTest::testMaybe.INFO: PASSED [] []
[2013-05-06 03:08:43] MaybeTest::testMaybe.ALERT: Codeception\Util\Mink module is not configured!
 Provided URL can't be accessed by this driver.[curl] 7: Failed connect to localhost:8000; Connection refused [url] http://localhost:8000/ [] []
[2013-05-06 03:08:43] MaybeTest::testMaybe.INFO: # ERROR # [] []
[2013-05-06 03:08:43] MaybeTest::testMaybe.INFO: PASSED [] []
[2013-05-06 03:08:43] MaybeTest::testMaybe.ALERT: Codeception\Util\Mink module is not configured!
 Provided URL can't be accessed by this driver.[curl] 7: Failed connect to localhost:8000; Connection refused [url] http://localhost:8000/ [] []
[2013-05-06 03:08:43] MaybeTest::testMaybe.INFO: # ERROR # [] []
[2013-05-06 03:08:43] MaybeTest::testMaybe.INFO: PASSED [] []
[2013-05-06 03:08:43] MaybeTest::testMaybe.ALERT: Codeception\Util\Mink module is not configured!
 Provided URL can't be accessed by this driver.[curl] 7: Failed connect to localhost:8000; Connection refused [url] http://localhost:8000/ [] []
[2013-05-06 03:08:43] MaybeTest::testMaybe.INFO: # ERROR # [] []
[2013-05-06 03:08:43] MaybeTest::testMaybe.INFO: PASSED [] []
[2013-05-06 03:08:43] MaybeTest::testMaybe.ALERT: Codeception\Util\Mink module is not configured!
 Provided URL can't be accessed by this driver.[curl] 7: Failed connect to localhost:8000; Connection refused [url] http://localhost:8000/ [] []
[2013-05-06 03:08:43] MaybeTest::testMaybe.INFO: # ERROR # [] []
[2013-05-06 03:08:43] MaybeTest::testMaybe.INFO: PASSED [] []
[2013-05-06 03:08:43] MaybeTest::testMaybe.ALERT: Codeception\Util\Mink module is not configured!
 Provided URL can't be accessed by this driver.[curl] 7: Failed connect to localhost:8000; Connection refused [url] http://localhost:8000/ [] []
[2013-05-06 03:08:43] MaybeTest::testMaybe.INFO: # ERROR # [] []
[2013-05-06 03:08:43] MaybeTest::testMaybe.INFO: PASSED [] []
[2013-05-06 03:08:43] MaybeTest::testMaybe.ALERT: Codeception\Util\Mink module is not configured!
 Provided URL can't be accessed by this driver.[curl] 7: Failed connect to localhost:8000; Connection refused [url] http://localhost:8000/ [] []
[2013-05-06 03:08:43] MaybeTest::testMaybe.INFO: # ERROR # [] []
[2013-05-06 03:08:43] MaybeTest::testMaybe.INFO: PASSED [] []
[2013-05-06 03:08:43] MaybeTest::testMaybe.ALERT: Codeception\Util\Mink module is not configured!
 Provided URL can't be accessed by this driver.[curl] 7: Failed connect to localhost:8000; Connection refused [url] http://localhost:8000/ [] []
[2013-05-06 03:08:43] MaybeTest::testMaybe.INFO: # ERROR # [] []
[2013-05-06 03:08:43] MaybeTest::testMaybe.INFO: PASSED [] []
[2013-05-06 03:08:43] MaybeTest::testMaybe.ALERT: Codeception\Util\Mink module is not configured!
 Provided URL can't be accessed by this driver.[curl] 7: Failed connect to localhost:8000; Connection refused [url] http://localhost:8000/ [] []
[2013-05-06 03:08:43] MaybeTest::testMaybe.INFO: # ERROR # [] []
[2013-05-06 03:08:43] MaybeTest::testMaybe.INFO: PASSED [] []
[2013-05-06 03:08:43] MaybeTest::testMaybe.ALERT: Codeception\Util\Mink module is not configured!
 Provided URL can't be accessed by this driver.[curl] 7: Failed connect to localhost:8000; Connection refused [url] http://localhost:8000/ [] []
[2013-05-06 03:08:43] MaybeTest::testMaybe.INFO: # ERROR # [] []
[2013-05-06 03:08:43] MaybeTest::testMaybe.INFO: PASSED [] []
[2013-05-06 03:08:43] MaybeTest::testMaybe.ALERT: Codeception\Util\Mink module is not configured!
 Provided URL can't be accessed by this driver.[curl] 7: Failed connect to localhost:8000; Connection refused [url] http://localhost:8000/ [] []
[2013-05-06 03:08:43] MaybeTest::testMaybe.INFO: # ERROR # [] []
[2013-05-06 03:08:43] MaybeTest::testMaybe.INFO: PASSED [] []
[2013-05-06 03:08:43] MaybeTest::testMaybe.ALERT: Codeception\Util\Mink module is not configured!
 Provided URL can't be accessed by this driver.[curl] 7: Failed connect to localhost:8000; Connection refused [url] http://localhost:8000/ [] []
[2013-05-06 03:08:43] MaybeTest::testMaybe.INFO: # ERROR # [] []
[2013-05-06 03:08:43] MaybeTest::testMaybe.INFO: PASSED [] []
[2013-05-06 03:08:43] MaybeTest::testMaybe.ALERT: Codeception\Util\Mink module is not configured!
 Provided URL can't be accessed by this driver.[curl] 7: Failed connect to localhost:8000; Connection refused [url] http://localhost:8000/ [] []
[2013-05-06 03:08:43] MaybeTest::testMaybe.INFO: # ERROR # [] []
[2013-05-06 03:08:43] MaybeTest::testMaybe.INFO: PASSED [] []
[2013-05-06 03:08:43] MaybeTest::testMaybe.ALERT: Codeception\Util\Mink module is not configured!
 Provided URL can't be accessed by this driver.[curl] 7: Failed connect to localhost:8000; Connection refused [url] http://localhost:8000/ [] []
[2013-05-06 03:08:43] MaybeTest::testMaybe.INFO: # ERROR # [] []
[2013-05-06 03:08:43] MaybeTest::testMaybe.INFO: PASSED [] []
[2013-05-06 03:08:43] MaybeTest::testMaybe.ALERT: Codeception\Util\Mink module is not configured!
 Provided URL can't be accessed by this driver.[curl] 7: Failed connect to localhost:8000; Connection refused [url] http://localhost:8000/ [] []
[2013-05-06 03:08:43] MaybeTest::testMaybe.INFO: # ERROR # [] []
[2013-05-06 03:08:43] MaybeTest::testMaybe.INFO: PASSED [] []
[2013-05-06 03:08:43] MaybeTest::testMaybe.ALERT: Codeception\Util\Mink module is not configured!
 Provided URL can't be accessed by this driver.[curl] 7: Failed connect to localhost:8000; Connection refused [url] http://localhost:8000/ [] []
[2013-05-06 03:08:43] MaybeTest::testMaybe.INFO: # ERROR # [] []
[2013-05-06 03:08:43] MaybeTest::testMaybe.INFO: PASSED [] []
[2013-05-06 03:08:43] MaybeTest::testMaybe.ALERT: Codeception\Util\Mink module is not configured!
 Provided URL can't be accessed by this driver.[curl] 7: Failed connect to localhost:8000; Connection refused [url] http://localhost:8000/ [] []
[2013-05-06 03:08:43] MaybeTest::testMaybe.INFO: # ERROR # [] []
[2013-05-06 03:08:43] MaybeTest::testMaybe.INFO: PASSED [] []
[2013-05-06 03:08:43] MaybeTest::testMaybe.ALERT: Codeception\Util\Mink module is not configured!
 Provided URL can't be accessed by this driver.[curl] 7: Failed connect to localhost:8000; Connection refused [url] http://localhost:8000/ [] []
[2013-05-06 03:08:43] MaybeTest::testMaybe.INFO: # ERROR # [] []
[2013-05-06 03:08:43] MaybeTest::testMaybe.INFO: PASSED [] []
[2013-05-06 03:08:43] MaybeTest::testMaybe.ALERT: Codeception\Util\Mink module is not configured!
 Provided URL can't be accessed by this driver.[curl] 7: Failed connect to localhost:8000; Connection refused [url] http://localhost:8000/ [] []
[2013-05-06 03:08:43] MaybeTest::testMaybe.INFO: # ERROR # [] []
[2013-05-06 03:08:43] MaybeTest::testMaybe.INFO: PASSED [] []
[2013-05-06 03:08:43] MaybeTest::testMaybe.INFO: PASSED [] []
[2013-05-06 03:08:43] MaybeTest::testMaybe.INFO: PASSED [] []
[2013-05-06 03:08:43] MaybeTest::testMaybe.INFO: PASSED [] []
[2013-05-06 03:08:43] MaybeTest::testMaybe.INFO: PASSED [] []
[2013-05-06 03:08:43] MaybeTest::testMaybe.INFO: # Skipped # [] []
[2013-05-06 03:08:43] MaybeTest::testMaybe.INFO: PASSED [] []
[2013-05-06 03:08:43] MaybeTest::testMaybe.INFO: # Skipped # [] []
[2013-05-06 03:08:43] MaybeTest::testMaybe.INFO: PASSED [] []
[2013-05-06 03:08:43] MaybeTest::testMaybe.INFO: # Skipped # [] []
[2013-05-06 03:08:43] MaybeTest::testMaybe.INFO: PASSED [] []
[2013-05-06 03:08:43] MaybeTest::testMaybe.INFO: # Skipped # [] []
[2013-05-06 03:08:43] MaybeTest::testMaybe.INFO: PASSED [] []
[2013-05-06 03:08:43] MaybeTest::testMaybe.INFO: # Skipped # [] []
[2013-05-06 03:08:43] MaybeTest::testMaybe.INFO: PASSED [] []
[2013-05-06 03:08:43] MaybeTest::testMaybe.INFO: # Skipped # [] []
[2013-05-06 03:08:43] MaybeTest::testMaybe.INFO: PASSED [] []
[2013-05-06 03:08:43] MaybeTest::testMaybe.INFO: # Skipped # [] []
[2013-05-06 03:08:43] MaybeTest::testMaybe.INFO: PASSED [] []
[2013-05-06 03:08:43] MaybeTest::testMaybe.INFO: # Skipped # [] []
[2013-05-06 03:08:43] MaybeTest::testMaybe.INFO: PASSED [] []
[2013-05-06 03:08:43] MaybeTest::testMaybe.INFO: # Skipped # [] []
[2013-05-06 03:08:43] MaybeTest::testMaybe.INFO: PASSED [] []
[2013-05-06 03:08:43] MaybeTest::testMaybe.INFO: # Skipped # [] []
[2013-05-06 03:08:43] MaybeTest::testMaybe.INFO: PASSED [] []
[2013-05-06 03:08:43] MaybeTest::testMaybe.INFO: # Skipped # [] []
[2013-05-06 03:08:43] MaybeTest::testMaybe.INFO: PASSED [] []
[2013-05-06 03:08:43] MaybeTest::testMaybe.INFO: # Skipped # [] []
[2013-05-06 03:08:43] MaybeTest::testMaybe.INFO: PASSED [] []
[2013-05-06 03:08:43] MaybeTest::testMaybe.INFO: # Skipped # [] []
[2013-05-06 03:08:43] MaybeTest::testMaybe.INFO: PASSED [] []
[2013-05-06 03:08:43] MaybeTest::testMaybe.INFO: # Skipped # [] []
[2013-05-06 03:08:43] MaybeTest::testMaybe.INFO: PASSED [] []
[2013-05-06 03:08:43] MaybeTest::testMaybe.INFO: # Skipped # [] []
[2013-05-06 03:08:43] MaybeTest::testMaybe.INFO: PASSED [] []
[2013-05-06 03:08:43] MaybeTest::testMaybe.INFO: # Skipped # [] []
[2013-05-06 03:08:43] MaybeTest::testMaybe.INFO: PASSED [] []
[2013-05-06 03:08:43] MaybeTest::testMaybe.INFO: # Skipped # [] []
[2013-05-06 03:08:43] MaybeTest::testMaybe.INFO: PASSED [] []
[2013-05-06 03:08:43] MaybeTest::testMaybe.INFO: # Skipped # [] []
[2013-05-06 03:08:43] MaybeTest::testMaybe.INFO: PASSED [] []
[2013-05-06 03:08:43] MaybeTest::testMaybe.INFO: # Skipped # [] []
[2013-05-06 03:08:43] MaybeTest::testMaybe.INFO: PASSED [] []
[2013-05-06 03:08:43] MaybeTest::testMaybe.INFO: # Skipped # [] []
[2013-05-06 03:08:43] MaybeTest::testMaybe.INFO: PASSED [] []
[2013-05-06 03:08:43] MaybeTest::testMaybe.INFO: # Skipped # [] []
[2013-05-06 03:08:43] MaybeTest::testMaybe.INFO: PASSED [] []
[2013-05-06 03:08:43] MaybeTest::testMaybe.INFO: # Skipped # [] []
[2013-05-06 03:08:43] MaybeTest::testMaybe.INFO: PASSED [] []
[2013-05-06 03:08:43] MaybeTest::testMaybe.INFO: # Skipped # [] []
[2013-05-06 03:08:43] MaybeTest::testMaybe.INFO: PASSED [] []
[2013-05-06 03:08:43] MaybeTest::testMaybe.INFO: # Skipped # [] []
[2013-05-06 03:08:43] MaybeTest::testMaybe.INFO: PASSED [] []
[2013-05-06 03:08:43] MaybeTest::testMaybe.INFO: # Skipped # [] []
[2013-05-06 03:08:43] MaybeTest::testMaybe.INFO: PASSED [] []
[2013-05-06 03:08:43] MaybeTest::testMaybe.INFO: # Skipped # [] []
[2013-05-06 03:08:43] MaybeTest::testMaybe.INFO: PASSED [] []
[2013-05-06 03:08:43] MaybeTest::testMaybe.INFO: # Skipped # [] []
[2013-05-06 03:08:43] MaybeTest::testMaybe.INFO: PASSED [] []
[2013-05-06 03:08:43] MaybeTest::testMaybe.INFO: # Skipped # [] []
[2013-05-06 03:08:43] MaybeTest::testMaybe.INFO: PASSED [] []
[2013-05-06 03:08:43] MaybeTest::testMaybe.INFO: # Skipped # [] []
[2013-05-06 03:08:43] MaybeTest::testMaybe.INFO: PASSED [] []
[2013-05-06 03:08:43] MaybeTest::testMaybe.INFO: # Skipped # [] []
[2013-05-06 03:08:43] MaybeTest::testMaybe.INFO: PASSED [] []
[2013-05-06 03:08:43] MaybeTest::testMaybe.INFO: # Skipped # [] []
[2013-05-06 03:08:43] MaybeTest::testMaybe.INFO: PASSED [] []
[2013-05-06 03:08:43] MaybeTest::testMaybe.INFO: # Skipped # [] []
[2013-05-06 03:08:43] MaybeTest::testMaybe.INFO: PASSED [] []
[2013-05-06 03:08:43] MaybeTest::testMaybe.INFO: # Skipped # [] []
[2013-05-06 03:08:43] MaybeTest::testMaybe.INFO: PASSED [] []
[2013-05-06 03:08:43] MaybeTest::testMaybe.INFO: # Skipped # [] []
[2013-05-06 03:08:43] MaybeTest::testMaybe.INFO: PASSED [] []
[2013-05-06 03:08:43] MaybeTest::testMaybe.INFO: # Skipped # [] []
[2013-05-06 03:08:43] MaybeTest::testMaybe.INFO: PASSED [] []
[2013-05-06 03:08:43] MaybeTest::testMaybe.INFO: # Skipped # [] []
[2013-05-06 03:08:43] MaybeTest::testMaybe.INFO: PASSED [] []
[2013-05-06 03:08:43] MaybeTest::testMaybe.INFO: # Skipped # [] []
[2013-05-06 03:08:43] MaybeTest::testMaybe.INFO: PASSED [] []
[2013-05-06 03:08:43] MaybeTest::testMaybe.INFO: # Skipped # [] []
[2013-05-06 03:08:43] MaybeTest::testMaybe.INFO: PASSED [] []
[2013-05-06 03:08:43] MaybeTest::testMaybe.INFO: # Skipped # [] []
[2013-05-06 03:08:43] MaybeTest::testMaybe.INFO: PASSED [] []
[2013-05-06 03:08:43] MaybeTest::testMaybe.INFO: # Skipped # [] []
[2013-05-06 03:08:43] MaybeTest::testMaybe.INFO: PASSED [] []
[2013-05-06 03:08:43] MaybeTest::testMaybe.INFO: # Skipped # [] []
[2013-05-06 03:08:43] MaybeTest::testMaybe.INFO: PASSED [] []
[2013-05-06 03:08:43] MaybeTest::testMaybe.INFO: # Skipped # [] []
[2013-05-06 03:08:43] MaybeTest::testMaybe.INFO: PASSED [] []
[2013-05-06 03:08:43] MaybeTest::testMaybe.INFO: # Skipped # [] []
[2013-05-06 03:08:43] MaybeTest::testMaybe.INFO: PASSED [] []
[2013-05-06 03:08:43] MaybeTest::testMaybe.INFO: # Skipped # [] []
[2013-05-06 03:08:43] MaybeTest::testMaybe.INFO: PASSED [] []
[2013-05-06 03:08:43] MaybeTest::testMaybe.INFO: # Skipped # [] []
[2013-05-06 03:08:43] MaybeTest::testMaybe.INFO: PASSED [] []
[2013-05-06 03:08:43] MaybeTest::testMaybe.INFO: # Skipped # [] []
[2013-05-06 03:08:43] MaybeTest::testMaybe.INFO: PASSED [] []
[2013-05-06 03:08:43] MaybeTest::testMaybe.INFO: # Skipped # [] []
[2013-05-06 03:08:43] MaybeTest::testMaybe.INFO: PASSED [] []
[2013-05-06 03:08:43] MaybeTest::testMaybe.INFO: # Skipped # [] []
[2013-05-06 03:08:43] MaybeTest::testMaybe.INFO: PASSED [] []
[2013-05-06 03:08:44] MaybeTest::testMaybe.INFO: # Skipped # [] []
[2013-05-06 03:08:44] MaybeTest::testMaybe.INFO: PASSED [] []
[2013-05-06 03:08:44] MaybeTest::testMaybe.INFO: # Skipped # [] []
[2013-05-06 03:08:44] MaybeTest::testMaybe.INFO: PASSED [] []
[2013-05-06 03:08:44] MaybeTest::testMaybe.INFO: # Skipped # [] []
[2013-05-06 03:08:44] MaybeTest::testMaybe.INFO: PASSED [] []
[2013-05-06 03:08:44] MaybeTest::testMaybe.INFO: # Skipped # [] []
[2013-05-06 03:08:44] MaybeTest::testMaybe.INFO: PASSED [] []
[2013-05-06 03:08:44] MaybeTest::testMaybe.INFO: # Skipped # [] []
[2013-05-06 03:08:44] MaybeTest::testMaybe.INFO: PASSED [] []
[2013-05-06 03:08:44] MaybeTest::testMaybe.INFO: # Skipped # [] []
[2013-05-06 03:08:44] MaybeTest::testMaybe.INFO: PASSED [] []
[2013-05-06 03:08:44] MaybeTest::testMaybe.INFO: # Skipped # [] []
[2013-05-06 03:08:44] MaybeTest::testMaybe.INFO: PASSED [] []
[2013-05-06 03:08:44] MaybeTest::testMaybe.INFO: # Skipped # [] []
[2013-05-06 03:08:44] MaybeTest::testMaybe.INFO: PASSED [] []
[2013-05-06 03:08:44] MaybeTest::testMaybe.INFO: # Skipped # [] []
[2013-05-06 03:08:44] MaybeTest::testMaybe.INFO: PASSED [] []
[2013-05-06 03:08:44] MaybeTest::testMaybe.INFO: # Skipped # [] []
[2013-05-06 03:08:44] MaybeTest::testMaybe.INFO: PASSED [] []
[2013-05-06 03:08:44] MaybeTest::testMaybe.INFO: # Skipped # [] []
[2013-05-06 03:08:44] MaybeTest::testMaybe.INFO: PASSED [] []
[2013-05-06 03:08:44] MaybeTest::testMaybe.INFO: # Skipped # [] []
[2013-05-06 03:08:44] MaybeTest::testMaybe.INFO: PASSED [] []
[2013-05-06 03:08:44] MaybeTest::testMaybe.INFO: # Skipped # [] []
[2013-05-06 03:08:44] MaybeTest::testMaybe.INFO: PASSED [] []
[2013-05-06 03:08:44] MaybeTest::testMaybe.INFO: # Skipped # [] []
[2013-05-06 03:08:44] MaybeTest::testMaybe.INFO: PASSED [] []
[2013-05-06 03:08:44] MaybeTest::testMaybe.INFO: # Skipped # [] []
[2013-05-06 03:08:44] MaybeTest::testMaybe.INFO: PASSED [] []
[2013-05-06 03:08:44] MaybeTest::testMaybe.INFO: # Skipped # [] []
[2013-05-06 03:08:44] MaybeTest::testMaybe.INFO: PASSED [] []
[2013-05-06 03:08:44] MaybeTest::testMaybe.INFO: # Skipped # [] []
[2013-05-06 03:08:44] MaybeTest::testMaybe.INFO: PASSED [] []
[2013-05-06 03:08:44] MaybeTest::testMaybe.INFO: # Skipped # [] []
[2013-05-06 03:08:44] MaybeTest::testMaybe.INFO: PASSED [] []
[2013-05-06 03:08:44] MaybeTest::testMaybe.INFO: # Skipped # [] []
[2013-05-06 03:08:44] MaybeTest::testMaybe.INFO: PASSED [] []
[2013-05-06 03:08:44] MaybeTest::testMaybe.INFO: # Skipped # [] []
[2013-05-06 03:08:44] MaybeTest::testMaybe.INFO: PASSED [] []
[2013-05-06 03:08:44] MaybeTest::testMaybe.INFO: # Skipped # [] []
[2013-05-06 03:08:44] MaybeTest::testMaybe.INFO: PASSED [] []
[2013-05-06 03:08:44] MaybeTest::testMaybe.INFO: # Skipped # [] []
[2013-05-06 03:08:44] MaybeTest::testMaybe.INFO: PASSED [] []
[2013-05-06 03:08:44] MaybeTest::testMaybe.INFO: # Skipped # [] []
[2013-05-06 03:08:44] MaybeTest::testMaybe.INFO: PASSED [] []
[2013-05-06 03:08:44] MaybeTest::testMaybe.INFO: # Skipped # [] []
[2013-05-06 03:08:44] MaybeTest::testMaybe.INFO: PASSED [] []
[2013-05-06 03:08:44] MaybeTest::testMaybe.INFO: # Skipped # [] []
[2013-05-06 03:08:44] MaybeTest::testMaybe.INFO: PASSED [] []
[2013-05-06 03:08:44] MaybeTest::testMaybe.INFO: # Skipped # [] []
[2013-05-06 03:08:44] MaybeTest::testMaybe.INFO: PASSED [] []
[2013-05-06 03:08:44] MaybeTest::testMaybe.INFO: # Skipped # [] []
[2013-05-06 03:08:44] MaybeTest::testMaybe.INFO: PASSED [] []
[2013-05-06 03:08:44] MaybeTest::testMaybe.INFO: # Skipped # [] []
[2013-05-06 03:08:44] MaybeTest::testMaybe.INFO: PASSED [] []
[2013-05-06 03:08:44] MaybeTest::testMaybe.INFO: # Skipped # [] []
[2013-05-06 03:08:44] MaybeTest::testMaybe.INFO: PASSED [] []
[2013-05-06 03:08:44] MaybeTest::testMaybe.INFO: # Skipped # [] []
[2013-05-06 03:08:44] MaybeTest::testMaybe.INFO: PASSED [] []
[2013-05-06 03:08:44] MaybeTest::testMaybe.INFO: # Skipped # [] []
[2013-05-06 03:08:44] MaybeTest::testMaybe.INFO: PASSED [] []
[2013-05-06 03:08:44] MaybeTest::testMaybe.INFO: # Skipped # [] []
[2013-05-06 03:08:44] MaybeTest::testMaybe.INFO: PASSED [] []
[2013-05-06 03:08:44] MaybeTest::testMaybe.INFO: PASSED [] []
[2013-05-06 03:08:44] MaybeTest::testMaybe.INFO: PASSED [] []
[2013-05-06 03:08:44] MaybeTest::testMaybe.INFO: PASSED [] []
[2013-05-06 03:08:44] MaybeTest::testMaybe.INFO: PASSED [] []
[2013-05-06 03:08:44] MaybeTest::testMaybe.INFO: PASSED [] []
[2013-05-06 03:08:44] MaybeTest::testMaybe.INFO: PASSED [] []
[2013-05-06 03:08:44] MaybeTest::testMaybe.INFO: PASSED [] []
[2013-05-06 03:08:44] MaybeTest::testMaybe.INFO: PASSED [] []
[2013-05-06 03:08:44] MaybeTest::testMaybe.INFO: PASSED [] []
[2013-05-06 03:08:44] MaybeTest::testMaybe.INFO: PASSED [] []
[2013-05-06 03:08:44] MaybeTest::testMaybe.INFO: PASSED [] []
[2013-05-06 03:08:44] MaybeTest::testMaybe.INFO: PASSED [] []
[2013-05-06 03:08:44] MaybeTest::testMaybe.INFO: PASSED [] []
[2013-05-06 03:08:44] MaybeTest::testMaybe.INFO: PASSED [] []
[2013-05-06 03:08:44] MaybeTest::testMaybe.INFO: PASSED [] []
[2013-05-06 03:08:44] MaybeTest::testMaybe.INFO: PASSED [] []
[2013-05-06 03:08:44] MaybeTest::testMaybe.INFO: PASSED [] []
[2013-05-06 03:08:44] MaybeTest::testMaybe.INFO: PASSED [] []
[2013-05-06 03:08:44] MaybeTest::testMaybe.INFO: PASSED [] []
[2013-05-06 03:08:44] MaybeTest::testMaybe.INFO: PASSED [] []
[2013-05-06 03:08:44] MaybeTest::testMaybe.INFO: PASSED [] []
[2013-05-06 03:08:44] MaybeTest::testMaybe.INFO: PASSED [] []
[2013-05-06 03:08:44] MaybeTest::testMaybe.INFO: PASSED [] []
[2013-05-06 03:08:44] MaybeTest::testMaybe.INFO: PASSED [] []
[2013-05-06 03:08:44] MaybeTest::testMaybe.INFO: # Skipped # [] []
[2013-05-06 03:08:44] MaybeTest::testMaybe.INFO: PASSED [] []
[2013-05-06 03:08:44] MaybeTest::testMaybe.INFO: # Skipped # [] []
[2013-05-06 03:08:44] MaybeTest::testMaybe.INFO: PASSED [] []
[2013-05-06 03:08:44] MaybeTest::testMaybe.INFO: # Skipped # [] []
[2013-05-06 03:08:44] MaybeTest::testMaybe.INFO: PASSED [] []
[2013-05-06 03:08:44] MaybeTest::testMaybe.INFO: # Skipped # [] []
[2013-05-06 03:08:44] MaybeTest::testMaybe.INFO: PASSED [] []
[2013-05-06 03:08:44] MaybeTest::testMaybe.ALERT: could not find driver [] []
[2013-05-06 03:08:44] MaybeTest::testMaybe.INFO: # ERROR # [] []
[2013-05-06 03:08:44] MaybeTest::testMaybe.INFO: PASSED [] []
[2013-05-06 03:08:44] MaybeTest::testMaybe.ALERT: could not find driver [] []
[2013-05-06 03:08:44] MaybeTest::testMaybe.INFO: # ERROR # [] []
[2013-05-06 03:08:44] MaybeTest::testMaybe.INFO: PASSED [] []
[2013-05-06 03:08:44] MaybeTest::testMaybe.INFO: PASSED [] []
[2013-05-06 03:08:44] MaybeTest::testMaybe.INFO: PASSED [] []
[2013-05-06 03:08:44] MaybeTest::testMaybe.INFO: PASSED [] []
[2013-05-06 03:08:44] MaybeTest::testMaybe.INFO: PASSED [] []
[2013-05-06 03:08:44] MaybeTest::testMaybe.INFO: PASSED [] []
[2013-05-06 03:08:44] MaybeTest::testMaybe.INFO: PASSED [] []
[2013-05-06 03:08:44] MaybeTest::testMaybe.INFO: PASSED [] []
[2013-05-06 03:08:44] MaybeTest::testMaybe.INFO: PASSED [] []
[2013-05-06 03:08:44] MaybeTest::testMaybe.INFO: PASSED [] []
[2013-05-06 03:08:44] MaybeTest::testMaybe.INFO: PASSED [] []
[2013-05-06 03:08:44] MaybeTest::testMaybe.INFO: PASSED [] []
[2013-05-06 03:08:44] MaybeTest::testMaybe.INFO: PASSED [] []
[2013-05-06 03:08:44] MaybeTest::testMaybe.INFO: PASSED [] []
[2013-05-06 03:08:44] MaybeTest::testMaybe.INFO: PASSED [] []
[2013-05-06 03:08:44] MaybeTest::testMaybe.INFO: PASSED [] []
[2013-05-06 03:08:44] MaybeTest::testMaybe.INFO: PASSED [] []
[2013-05-06 03:08:44] MaybeTest::testMaybe.INFO: PASSED [] []
[2013-05-06 03:08:44] MaybeTest::testMaybe.INFO: PASSED [] []
[2013-05-06 03:08:44] MaybeTest::testMaybe.INFO: PASSED [] []
[2013-05-06 03:08:44] MaybeTest::testMaybe.INFO: PASSED [] []
[2013-05-06 03:08:44] MaybeTest::testMaybe.INFO: PASSED [] []
[2013-05-06 03:08:44] MaybeTest::testMaybe.INFO: PASSED [] []
[2013-05-06 03:08:44] MaybeTest::testMaybe.INFO: PASSED [] []
[2013-05-06 03:08:44] MaybeTest::testMaybe.INFO: PASSED [] []
[2013-05-06 03:09:11] MaybeTest::testMaybe.INFO: PASSED [] []
[2013-05-06 03:09:24] MaybeTest::testMaybe.INFO: PASSED [] []
[2013-05-06 03:09:25] MaybeTest::testMaybe.INFO: PASSED [] []
